<?xml version="1.0" encoding="UTF-8"?>
<testsuite xmlns:xsi="http://www.w3.org/2001/XMLSchema-instance" xsi:noNamespaceSchemaLocation="https://maven.apache.org/surefire/maven-surefire-plugin/xsd/surefire-test-report-3.0.xsd" version="3.0" name="com.microservice.megha.RestfulWebServiceApplicationTests" time="2.628" tests="1" errors="0" skipped="0" failures="0">
  <properties>
    <property name="java.specification.version" value="18"/>
    <property name="sun.jnu.encoding" value="UTF-8"/>
    <property name="java.class.path" value="/Users/megha/IdeaProjects/restful-web-service/target/test-classes:/Users/megha/IdeaProjects/restful-web-service/target/classes:/Users/megha/.m2/repository/org/springframework/boot/spring-boot-starter-data-jpa/3.2.0-M3/spring-boot-starter-data-jpa-3.2.0-M3.jar:/Users/megha/.m2/repository/org/springframework/boot/spring-boot-starter-aop/3.2.0-M3/spring-boot-starter-aop-3.2.0-M3.jar:/Users/megha/.m2/repository/org/springframework/spring-aop/6.1.0-M5/spring-aop-6.1.0-M5.jar:/Users/megha/.m2/repository/org/aspectj/aspectjweaver/1.9.20/aspectjweaver-1.9.20.jar:/Users/megha/.m2/repository/org/springframework/boot/spring-boot-starter-jdbc/3.2.0-M3/spring-boot-starter-jdbc-3.2.0-M3.jar:/Users/megha/.m2/repository/com/zaxxer/HikariCP/5.0.1/HikariCP-5.0.1.jar:/Users/megha/.m2/repository/org/springframework/spring-jdbc/6.1.0-M5/spring-jdbc-6.1.0-M5.jar:/Users/megha/.m2/repository/org/hibernate/orm/hibernate-core/6.3.1.Final/hibernate-core-6.3.1.Final.jar:/Users/megha/.m2/repository/jakarta/persistence/jakarta.persistence-api/3.1.0/jakarta.persistence-api-3.1.0.jar:/Users/megha/.m2/repository/jakarta/transaction/jakarta.transaction-api/2.0.1/jakarta.transaction-api-2.0.1.jar:/Users/megha/.m2/repository/org/jboss/logging/jboss-logging/3.5.3.Final/jboss-logging-3.5.3.Final.jar:/Users/megha/.m2/repository/org/hibernate/common/hibernate-commons-annotations/6.0.6.Final/hibernate-commons-annotations-6.0.6.Final.jar:/Users/megha/.m2/repository/io/smallrye/jandex/3.1.2/jandex-3.1.2.jar:/Users/megha/.m2/repository/com/fasterxml/classmate/1.5.1/classmate-1.5.1.jar:/Users/megha/.m2/repository/net/bytebuddy/byte-buddy/1.14.8/byte-buddy-1.14.8.jar:/Users/megha/.m2/repository/org/glassfish/jaxb/jaxb-runtime/4.0.3/jaxb-runtime-4.0.3.jar:/Users/megha/.m2/repository/org/glassfish/jaxb/jaxb-core/4.0.3/jaxb-core-4.0.3.jar:/Users/megha/.m2/repository/org/eclipse/angus/angus-activation/2.0.1/angus-activation-2.0.1.jar:/Users/megha/.m2/repository/org/glassfish/jaxb/txw2/4.0.3/txw2-4.0.3.jar:/Users/megha/.m2/repository/com/sun/istack/istack-commons-runtime/4.1.2/istack-commons-runtime-4.1.2.jar:/Users/megha/.m2/repository/jakarta/inject/jakarta.inject-api/2.0.1/jakarta.inject-api-2.0.1.jar:/Users/megha/.m2/repository/org/antlr/antlr4-runtime/4.10.1/antlr4-runtime-4.10.1.jar:/Users/megha/.m2/repository/org/springframework/data/spring-data-jpa/3.2.0-M3/spring-data-jpa-3.2.0-M3.jar:/Users/megha/.m2/repository/org/springframework/data/spring-data-commons/3.2.0-M3/spring-data-commons-3.2.0-M3.jar:/Users/megha/.m2/repository/org/springframework/spring-orm/6.1.0-M5/spring-orm-6.1.0-M5.jar:/Users/megha/.m2/repository/org/springframework/spring-context/6.1.0-M5/spring-context-6.1.0-M5.jar:/Users/megha/.m2/repository/org/springframework/spring-tx/6.1.0-M5/spring-tx-6.1.0-M5.jar:/Users/megha/.m2/repository/org/springframework/spring-beans/6.1.0-M5/spring-beans-6.1.0-M5.jar:/Users/megha/.m2/repository/jakarta/annotation/jakarta.annotation-api/2.1.1/jakarta.annotation-api-2.1.1.jar:/Users/megha/.m2/repository/org/slf4j/slf4j-api/2.0.9/slf4j-api-2.0.9.jar:/Users/megha/.m2/repository/org/springframework/spring-aspects/6.1.0-M5/spring-aspects-6.1.0-M5.jar:/Users/megha/.m2/repository/org/springframework/boot/spring-boot-starter-web/3.2.0-M3/spring-boot-starter-web-3.2.0-M3.jar:/Users/megha/.m2/repository/org/springframework/boot/spring-boot-starter/3.2.0-M3/spring-boot-starter-3.2.0-M3.jar:/Users/megha/.m2/repository/org/springframework/boot/spring-boot-starter-logging/3.2.0-M3/spring-boot-starter-logging-3.2.0-M3.jar:/Users/megha/.m2/repository/ch/qos/logback/logback-classic/1.4.11/logback-classic-1.4.11.jar:/Users/megha/.m2/repository/ch/qos/logback/logback-core/1.4.11/logback-core-1.4.11.jar:/Users/megha/.m2/repository/org/apache/logging/log4j/log4j-to-slf4j/2.20.0/log4j-to-slf4j-2.20.0.jar:/Users/megha/.m2/repository/org/apache/logging/log4j/log4j-api/2.20.0/log4j-api-2.20.0.jar:/Users/megha/.m2/repository/org/slf4j/jul-to-slf4j/2.0.9/jul-to-slf4j-2.0.9.jar:/Users/megha/.m2/repository/org/yaml/snakeyaml/2.2/snakeyaml-2.2.jar:/Users/megha/.m2/repository/org/springframework/boot/spring-boot-starter-json/3.2.0-M3/spring-boot-starter-json-3.2.0-M3.jar:/Users/megha/.m2/repository/com/fasterxml/jackson/core/jackson-databind/2.15.2/jackson-databind-2.15.2.jar:/Users/megha/.m2/repository/com/fasterxml/jackson/core/jackson-annotations/2.15.2/jackson-annotations-2.15.2.jar:/Users/megha/.m2/repository/com/fasterxml/jackson/core/jackson-core/2.15.2/jackson-core-2.15.2.jar:/Users/megha/.m2/repository/com/fasterxml/jackson/datatype/jackson-datatype-jdk8/2.15.2/jackson-datatype-jdk8-2.15.2.jar:/Users/megha/.m2/repository/com/fasterxml/jackson/datatype/jackson-datatype-jsr310/2.15.2/jackson-datatype-jsr310-2.15.2.jar:/Users/megha/.m2/repository/com/fasterxml/jackson/module/jackson-module-parameter-names/2.15.2/jackson-module-parameter-names-2.15.2.jar:/Users/megha/.m2/repository/org/springframework/boot/spring-boot-starter-tomcat/3.2.0-M3/spring-boot-starter-tomcat-3.2.0-M3.jar:/Users/megha/.m2/repository/org/apache/tomcat/embed/tomcat-embed-core/10.1.13/tomcat-embed-core-10.1.13.jar:/Users/megha/.m2/repository/org/apache/tomcat/embed/tomcat-embed-el/10.1.13/tomcat-embed-el-10.1.13.jar:/Users/megha/.m2/repository/org/apache/tomcat/embed/tomcat-embed-websocket/10.1.13/tomcat-embed-websocket-10.1.13.jar:/Users/megha/.m2/repository/org/springframework/spring-web/6.1.0-M5/spring-web-6.1.0-M5.jar:/Users/megha/.m2/repository/io/micrometer/micrometer-observation/1.12.0-M3/micrometer-observation-1.12.0-M3.jar:/Users/megha/.m2/repository/io/micrometer/micrometer-commons/1.12.0-M3/micrometer-commons-1.12.0-M3.jar:/Users/megha/.m2/repository/org/springframework/spring-webmvc/6.1.0-M5/spring-webmvc-6.1.0-M5.jar:/Users/megha/.m2/repository/org/springframework/spring-expression/6.1.0-M5/spring-expression-6.1.0-M5.jar:/Users/megha/.m2/repository/org/springframework/boot/spring-boot-devtools/3.2.0-M3/spring-boot-devtools-3.2.0-M3.jar:/Users/megha/.m2/repository/org/springframework/boot/spring-boot/3.2.0-M3/spring-boot-3.2.0-M3.jar:/Users/megha/.m2/repository/org/springframework/boot/spring-boot-autoconfigure/3.2.0-M3/spring-boot-autoconfigure-3.2.0-M3.jar:/Users/megha/.m2/repository/com/h2database/h2/2.2.224/h2-2.2.224.jar:/Users/megha/.m2/repository/org/springframework/boot/spring-boot-starter-test/3.2.0-M3/spring-boot-starter-test-3.2.0-M3.jar:/Users/megha/.m2/repository/org/springframework/boot/spring-boot-test/3.2.0-M3/spring-boot-test-3.2.0-M3.jar:/Users/megha/.m2/repository/org/springframework/boot/spring-boot-test-autoconfigure/3.2.0-M3/spring-boot-test-autoconfigure-3.2.0-M3.jar:/Users/megha/.m2/repository/com/jayway/jsonpath/json-path/2.8.0/json-path-2.8.0.jar:/Users/megha/.m2/repository/jakarta/xml/bind/jakarta.xml.bind-api/4.0.1/jakarta.xml.bind-api-4.0.1.jar:/Users/megha/.m2/repository/jakarta/activation/jakarta.activation-api/2.1.2/jakarta.activation-api-2.1.2.jar:/Users/megha/.m2/repository/net/minidev/json-smart/2.5.0/json-smart-2.5.0.jar:/Users/megha/.m2/repository/net/minidev/accessors-smart/2.5.0/accessors-smart-2.5.0.jar:/Users/megha/.m2/repository/org/ow2/asm/asm/9.3/asm-9.3.jar:/Users/megha/.m2/repository/org/assertj/assertj-core/3.24.2/assertj-core-3.24.2.jar:/Users/megha/.m2/repository/org/hamcrest/hamcrest/2.2/hamcrest-2.2.jar:/Users/megha/.m2/repository/org/junit/jupiter/junit-jupiter/5.10.0/junit-jupiter-5.10.0.jar:/Users/megha/.m2/repository/org/junit/jupiter/junit-jupiter-api/5.10.0/junit-jupiter-api-5.10.0.jar:/Users/megha/.m2/repository/org/opentest4j/opentest4j/1.3.0/opentest4j-1.3.0.jar:/Users/megha/.m2/repository/org/junit/platform/junit-platform-commons/1.10.0/junit-platform-commons-1.10.0.jar:/Users/megha/.m2/repository/org/apiguardian/apiguardian-api/1.1.2/apiguardian-api-1.1.2.jar:/Users/megha/.m2/repository/org/junit/jupiter/junit-jupiter-params/5.10.0/junit-jupiter-params-5.10.0.jar:/Users/megha/.m2/repository/org/junit/jupiter/junit-jupiter-engine/5.10.0/junit-jupiter-engine-5.10.0.jar:/Users/megha/.m2/repository/org/junit/platform/junit-platform-engine/1.10.0/junit-platform-engine-1.10.0.jar:/Users/megha/.m2/repository/org/mockito/mockito-core/5.5.0/mockito-core-5.5.0.jar:/Users/megha/.m2/repository/net/bytebuddy/byte-buddy-agent/1.14.8/byte-buddy-agent-1.14.8.jar:/Users/megha/.m2/repository/org/objenesis/objenesis/3.3/objenesis-3.3.jar:/Users/megha/.m2/repository/org/mockito/mockito-junit-jupiter/5.5.0/mockito-junit-jupiter-5.5.0.jar:/Users/megha/.m2/repository/org/skyscreamer/jsonassert/1.5.1/jsonassert-1.5.1.jar:/Users/megha/.m2/repository/com/vaadin/external/google/android-json/0.0.20131108.vaadin1/android-json-0.0.20131108.vaadin1.jar:/Users/megha/.m2/repository/org/springframework/spring-core/6.1.0-M5/spring-core-6.1.0-M5.jar:/Users/megha/.m2/repository/org/springframework/spring-jcl/6.1.0-M5/spring-jcl-6.1.0-M5.jar:/Users/megha/.m2/repository/org/springframework/spring-test/6.1.0-M5/spring-test-6.1.0-M5.jar:/Users/megha/.m2/repository/org/xmlunit/xmlunit-core/2.9.1/xmlunit-core-2.9.1.jar:"/>
    <property name="java.vm.vendor" value="Oracle Corporation"/>
    <property name="sun.arch.data.model" value="64"/>
    <property name="java.vendor.url" value="https://java.oracle.com/"/>
    <property name="user.timezone" value="Asia/Kolkata"/>
    <property name="org.jboss.logging.provider" value="slf4j"/>
    <property name="os.name" value="Mac OS X"/>
    <property name="java.vm.specification.version" value="18"/>
    <property name="sun.java.launcher" value="SUN_STANDARD"/>
    <property name="user.country" value="GB"/>
    <property name="sun.boot.library.path" value="/Users/megha/Library/Java/JavaVirtualMachines/openjdk-18.0.2/Contents/Home/lib"/>
    <property name="sun.java.command" value="/Users/megha/IdeaProjects/restful-web-service/target/surefire/surefirebooter-20230926210439375_3.jar /Users/megha/IdeaProjects/restful-web-service/target/surefire 2023-09-26T21-04-39_302-jvmRun1 surefire-20230926210439375_1tmp surefire_0-20230926210439375_2tmp"/>
    <property name="http.nonProxyHosts" value="local|*.local|169.254/16|*.169.254/16"/>
    <property name="jdk.debug" value="release"/>
    <property name="surefire.test.class.path" value="/Users/megha/IdeaProjects/restful-web-service/target/test-classes:/Users/megha/IdeaProjects/restful-web-service/target/classes:/Users/megha/.m2/repository/org/springframework/boot/spring-boot-starter-data-jpa/3.2.0-M3/spring-boot-starter-data-jpa-3.2.0-M3.jar:/Users/megha/.m2/repository/org/springframework/boot/spring-boot-starter-aop/3.2.0-M3/spring-boot-starter-aop-3.2.0-M3.jar:/Users/megha/.m2/repository/org/springframework/spring-aop/6.1.0-M5/spring-aop-6.1.0-M5.jar:/Users/megha/.m2/repository/org/aspectj/aspectjweaver/1.9.20/aspectjweaver-1.9.20.jar:/Users/megha/.m2/repository/org/springframework/boot/spring-boot-starter-jdbc/3.2.0-M3/spring-boot-starter-jdbc-3.2.0-M3.jar:/Users/megha/.m2/repository/com/zaxxer/HikariCP/5.0.1/HikariCP-5.0.1.jar:/Users/megha/.m2/repository/org/springframework/spring-jdbc/6.1.0-M5/spring-jdbc-6.1.0-M5.jar:/Users/megha/.m2/repository/org/hibernate/orm/hibernate-core/6.3.1.Final/hibernate-core-6.3.1.Final.jar:/Users/megha/.m2/repository/jakarta/persistence/jakarta.persistence-api/3.1.0/jakarta.persistence-api-3.1.0.jar:/Users/megha/.m2/repository/jakarta/transaction/jakarta.transaction-api/2.0.1/jakarta.transaction-api-2.0.1.jar:/Users/megha/.m2/repository/org/jboss/logging/jboss-logging/3.5.3.Final/jboss-logging-3.5.3.Final.jar:/Users/megha/.m2/repository/org/hibernate/common/hibernate-commons-annotations/6.0.6.Final/hibernate-commons-annotations-6.0.6.Final.jar:/Users/megha/.m2/repository/io/smallrye/jandex/3.1.2/jandex-3.1.2.jar:/Users/megha/.m2/repository/com/fasterxml/classmate/1.5.1/classmate-1.5.1.jar:/Users/megha/.m2/repository/net/bytebuddy/byte-buddy/1.14.8/byte-buddy-1.14.8.jar:/Users/megha/.m2/repository/org/glassfish/jaxb/jaxb-runtime/4.0.3/jaxb-runtime-4.0.3.jar:/Users/megha/.m2/repository/org/glassfish/jaxb/jaxb-core/4.0.3/jaxb-core-4.0.3.jar:/Users/megha/.m2/repository/org/eclipse/angus/angus-activation/2.0.1/angus-activation-2.0.1.jar:/Users/megha/.m2/repository/org/glassfish/jaxb/txw2/4.0.3/txw2-4.0.3.jar:/Users/megha/.m2/repository/com/sun/istack/istack-commons-runtime/4.1.2/istack-commons-runtime-4.1.2.jar:/Users/megha/.m2/repository/jakarta/inject/jakarta.inject-api/2.0.1/jakarta.inject-api-2.0.1.jar:/Users/megha/.m2/repository/org/antlr/antlr4-runtime/4.10.1/antlr4-runtime-4.10.1.jar:/Users/megha/.m2/repository/org/springframework/data/spring-data-jpa/3.2.0-M3/spring-data-jpa-3.2.0-M3.jar:/Users/megha/.m2/repository/org/springframework/data/spring-data-commons/3.2.0-M3/spring-data-commons-3.2.0-M3.jar:/Users/megha/.m2/repository/org/springframework/spring-orm/6.1.0-M5/spring-orm-6.1.0-M5.jar:/Users/megha/.m2/repository/org/springframework/spring-context/6.1.0-M5/spring-context-6.1.0-M5.jar:/Users/megha/.m2/repository/org/springframework/spring-tx/6.1.0-M5/spring-tx-6.1.0-M5.jar:/Users/megha/.m2/repository/org/springframework/spring-beans/6.1.0-M5/spring-beans-6.1.0-M5.jar:/Users/megha/.m2/repository/jakarta/annotation/jakarta.annotation-api/2.1.1/jakarta.annotation-api-2.1.1.jar:/Users/megha/.m2/repository/org/slf4j/slf4j-api/2.0.9/slf4j-api-2.0.9.jar:/Users/megha/.m2/repository/org/springframework/spring-aspects/6.1.0-M5/spring-aspects-6.1.0-M5.jar:/Users/megha/.m2/repository/org/springframework/boot/spring-boot-starter-web/3.2.0-M3/spring-boot-starter-web-3.2.0-M3.jar:/Users/megha/.m2/repository/org/springframework/boot/spring-boot-starter/3.2.0-M3/spring-boot-starter-3.2.0-M3.jar:/Users/megha/.m2/repository/org/springframework/boot/spring-boot-starter-logging/3.2.0-M3/spring-boot-starter-logging-3.2.0-M3.jar:/Users/megha/.m2/repository/ch/qos/logback/logback-classic/1.4.11/logback-classic-1.4.11.jar:/Users/megha/.m2/repository/ch/qos/logback/logback-core/1.4.11/logback-core-1.4.11.jar:/Users/megha/.m2/repository/org/apache/logging/log4j/log4j-to-slf4j/2.20.0/log4j-to-slf4j-2.20.0.jar:/Users/megha/.m2/repository/org/apache/logging/log4j/log4j-api/2.20.0/log4j-api-2.20.0.jar:/Users/megha/.m2/repository/org/slf4j/jul-to-slf4j/2.0.9/jul-to-slf4j-2.0.9.jar:/Users/megha/.m2/repository/org/yaml/snakeyaml/2.2/snakeyaml-2.2.jar:/Users/megha/.m2/repository/org/springframework/boot/spring-boot-starter-json/3.2.0-M3/spring-boot-starter-json-3.2.0-M3.jar:/Users/megha/.m2/repository/com/fasterxml/jackson/core/jackson-databind/2.15.2/jackson-databind-2.15.2.jar:/Users/megha/.m2/repository/com/fasterxml/jackson/core/jackson-annotations/2.15.2/jackson-annotations-2.15.2.jar:/Users/megha/.m2/repository/com/fasterxml/jackson/core/jackson-core/2.15.2/jackson-core-2.15.2.jar:/Users/megha/.m2/repository/com/fasterxml/jackson/datatype/jackson-datatype-jdk8/2.15.2/jackson-datatype-jdk8-2.15.2.jar:/Users/megha/.m2/repository/com/fasterxml/jackson/datatype/jackson-datatype-jsr310/2.15.2/jackson-datatype-jsr310-2.15.2.jar:/Users/megha/.m2/repository/com/fasterxml/jackson/module/jackson-module-parameter-names/2.15.2/jackson-module-parameter-names-2.15.2.jar:/Users/megha/.m2/repository/org/springframework/boot/spring-boot-starter-tomcat/3.2.0-M3/spring-boot-starter-tomcat-3.2.0-M3.jar:/Users/megha/.m2/repository/org/apache/tomcat/embed/tomcat-embed-core/10.1.13/tomcat-embed-core-10.1.13.jar:/Users/megha/.m2/repository/org/apache/tomcat/embed/tomcat-embed-el/10.1.13/tomcat-embed-el-10.1.13.jar:/Users/megha/.m2/repository/org/apache/tomcat/embed/tomcat-embed-websocket/10.1.13/tomcat-embed-websocket-10.1.13.jar:/Users/megha/.m2/repository/org/springframework/spring-web/6.1.0-M5/spring-web-6.1.0-M5.jar:/Users/megha/.m2/repository/io/micrometer/micrometer-observation/1.12.0-M3/micrometer-observation-1.12.0-M3.jar:/Users/megha/.m2/repository/io/micrometer/micrometer-commons/1.12.0-M3/micrometer-commons-1.12.0-M3.jar:/Users/megha/.m2/repository/org/springframework/spring-webmvc/6.1.0-M5/spring-webmvc-6.1.0-M5.jar:/Users/megha/.m2/repository/org/springframework/spring-expression/6.1.0-M5/spring-expression-6.1.0-M5.jar:/Users/megha/.m2/repository/org/springframework/boot/spring-boot-devtools/3.2.0-M3/spring-boot-devtools-3.2.0-M3.jar:/Users/megha/.m2/repository/org/springframework/boot/spring-boot/3.2.0-M3/spring-boot-3.2.0-M3.jar:/Users/megha/.m2/repository/org/springframework/boot/spring-boot-autoconfigure/3.2.0-M3/spring-boot-autoconfigure-3.2.0-M3.jar:/Users/megha/.m2/repository/com/h2database/h2/2.2.224/h2-2.2.224.jar:/Users/megha/.m2/repository/org/springframework/boot/spring-boot-starter-test/3.2.0-M3/spring-boot-starter-test-3.2.0-M3.jar:/Users/megha/.m2/repository/org/springframework/boot/spring-boot-test/3.2.0-M3/spring-boot-test-3.2.0-M3.jar:/Users/megha/.m2/repository/org/springframework/boot/spring-boot-test-autoconfigure/3.2.0-M3/spring-boot-test-autoconfigure-3.2.0-M3.jar:/Users/megha/.m2/repository/com/jayway/jsonpath/json-path/2.8.0/json-path-2.8.0.jar:/Users/megha/.m2/repository/jakarta/xml/bind/jakarta.xml.bind-api/4.0.1/jakarta.xml.bind-api-4.0.1.jar:/Users/megha/.m2/repository/jakarta/activation/jakarta.activation-api/2.1.2/jakarta.activation-api-2.1.2.jar:/Users/megha/.m2/repository/net/minidev/json-smart/2.5.0/json-smart-2.5.0.jar:/Users/megha/.m2/repository/net/minidev/accessors-smart/2.5.0/accessors-smart-2.5.0.jar:/Users/megha/.m2/repository/org/ow2/asm/asm/9.3/asm-9.3.jar:/Users/megha/.m2/repository/org/assertj/assertj-core/3.24.2/assertj-core-3.24.2.jar:/Users/megha/.m2/repository/org/hamcrest/hamcrest/2.2/hamcrest-2.2.jar:/Users/megha/.m2/repository/org/junit/jupiter/junit-jupiter/5.10.0/junit-jupiter-5.10.0.jar:/Users/megha/.m2/repository/org/junit/jupiter/junit-jupiter-api/5.10.0/junit-jupiter-api-5.10.0.jar:/Users/megha/.m2/repository/org/opentest4j/opentest4j/1.3.0/opentest4j-1.3.0.jar:/Users/megha/.m2/repository/org/junit/platform/junit-platform-commons/1.10.0/junit-platform-commons-1.10.0.jar:/Users/megha/.m2/repository/org/apiguardian/apiguardian-api/1.1.2/apiguardian-api-1.1.2.jar:/Users/megha/.m2/repository/org/junit/jupiter/junit-jupiter-params/5.10.0/junit-jupiter-params-5.10.0.jar:/Users/megha/.m2/repository/org/junit/jupiter/junit-jupiter-engine/5.10.0/junit-jupiter-engine-5.10.0.jar:/Users/megha/.m2/repository/org/junit/platform/junit-platform-engine/1.10.0/junit-platform-engine-1.10.0.jar:/Users/megha/.m2/repository/org/mockito/mockito-core/5.5.0/mockito-core-5.5.0.jar:/Users/megha/.m2/repository/net/bytebuddy/byte-buddy-agent/1.14.8/byte-buddy-agent-1.14.8.jar:/Users/megha/.m2/repository/org/objenesis/objenesis/3.3/objenesis-3.3.jar:/Users/megha/.m2/repository/org/mockito/mockito-junit-jupiter/5.5.0/mockito-junit-jupiter-5.5.0.jar:/Users/megha/.m2/repository/org/skyscreamer/jsonassert/1.5.1/jsonassert-1.5.1.jar:/Users/megha/.m2/repository/com/vaadin/external/google/android-json/0.0.20131108.vaadin1/android-json-0.0.20131108.vaadin1.jar:/Users/megha/.m2/repository/org/springframework/spring-core/6.1.0-M5/spring-core-6.1.0-M5.jar:/Users/megha/.m2/repository/org/springframework/spring-jcl/6.1.0-M5/spring-jcl-6.1.0-M5.jar:/Users/megha/.m2/repository/org/springframework/spring-test/6.1.0-M5/spring-test-6.1.0-M5.jar:/Users/megha/.m2/repository/org/xmlunit/xmlunit-core/2.9.1/xmlunit-core-2.9.1.jar:"/>
    <property name="sun.cpu.endian" value="little"/>
    <property name="user.home" value="/Users/megha"/>
    <property name="user.language" value="en"/>
    <property name="java.specification.vendor" value="Oracle Corporation"/>
    <property name="java.version.date" value="2022-07-19"/>
    <property name="java.home" value="/Users/megha/Library/Java/JavaVirtualMachines/openjdk-18.0.2/Contents/Home"/>
    <property name="file.separator" value="/"/>
    <property name="basedir" value="/Users/megha/IdeaProjects/restful-web-service"/>
    <property name="java.vm.compressedOopsMode" value="Zero based"/>
    <property name="line.separator" value="&#10;"/>
    <property name="java.vm.specification.vendor" value="Oracle Corporation"/>
    <property name="java.specification.name" value="Java Platform API Specification"/>
    <property name="FILE_LOG_CHARSET" value="UTF-8"/>
    <property name="java.awt.headless" value="true"/>
    <property name="apple.awt.application.name" value="ForkedBooter"/>
    <property name="surefire.real.class.path" value="/Users/megha/IdeaProjects/restful-web-service/target/surefire/surefirebooter-20230926210439375_3.jar"/>
    <property name="sun.management.compiler" value="HotSpot 64-Bit Tiered Compilers"/>
    <property name="ftp.nonProxyHosts" value="local|*.local|169.254/16|*.169.254/16"/>
    <property name="java.runtime.version" value="18.0.2+9-61"/>
    <property name="user.name" value="megha"/>
    <property name="path.separator" value=":"/>
    <property name="os.version" value="13.5.2"/>
    <property name="java.runtime.name" value="OpenJDK Runtime Environment"/>
    <property name="file.encoding" value="UTF-8"/>
    <property name="java.vm.name" value="OpenJDK 64-Bit Server VM"/>
    <property name="localRepository" value="/Users/megha/.m2/repository"/>
    <property name="java.vendor.url.bug" value="https://bugreport.java.com/bugreport/"/>
    <property name="java.io.tmpdir" value="/var/folders/f7/ng1v15b10q1csld7s1hxlmxm0000gn/T/"/>
    <property name="idea.version" value="2021.3.3"/>
    <property name="com.zaxxer.hikari.pool_number" value="1"/>
    <property name="java.version" value="18.0.2"/>
    <property name="user.dir" value="/Users/megha/IdeaProjects/restful-web-service"/>
    <property name="os.arch" value="aarch64"/>
    <property name="java.vm.specification.name" value="Java Virtual Machine Specification"/>
    <property name="PID" value="95652"/>
    <property name="CONSOLE_LOG_CHARSET" value="UTF-8"/>
    <property name="native.encoding" value="UTF-8"/>
    <property name="java.library.path" value="/Users/megha/Library/Java/Extensions:/Library/Java/Extensions:/Network/Library/Java/Extensions:/System/Library/Java/Extensions:/usr/lib/java:."/>
    <property name="java.vm.info" value="mixed mode, sharing"/>
    <property name="java.vendor" value="Oracle Corporation"/>
    <property name="java.vm.version" value="18.0.2+9-61"/>
    <property name="sun.io.unicode.encoding" value="UnicodeBig"/>
    <property name="socksNonProxyHosts" value="local|*.local|169.254/16|*.169.254/16"/>
    <property name="java.class.version" value="62.0"/>
  </properties>
  <testcase name="contextLoads" classname="com.microservice.megha.RestfulWebServiceApplicationTests" time="0.448">
    <system-out><![CDATA[21:04:40.254 [main] INFO org.springframework.test.context.support.AnnotationConfigContextLoaderUtils -- Could not detect default configuration classes for test class [com.microservice.megha.RestfulWebServiceApplicationTests]: RestfulWebServiceApplicationTests does not declare any static, non-private, non-final, nested classes annotated with @Configuration.
21:04:40.325 [main] INFO org.springframework.boot.test.context.SpringBootTestContextBootstrapper -- Found @SpringBootConfiguration com.microservice.megha.RestfulWebServiceApplication for test class com.microservice.megha.RestfulWebServiceApplicationTests

  .   ____          _            __ _ _
 /\\ / ___'_ __ _ _(_)_ __  __ _ \ \ \ \
( ( )\___ | '_ | '_| | '_ \/ _` | \ \ \ \
 \\/  ___)| |_)| | | | | || (_| |  ) ) ) )
  '  |____| .__|_| |_|_| |_\__, | / / / /
 =========|_|==============|___/=/_/_/_/
 :: Spring Boot ::             (v3.2.0-M3)

2023-09-26T21:04:40.599+05:30  INFO 95652 --- [           main] c.m.m.RestfulWebServiceApplicationTests  : Starting RestfulWebServiceApplicationTests using Java 18.0.2 with PID 95652 (started by megha in /Users/megha/IdeaProjects/restful-web-service)
2023-09-26T21:04:40.600+05:30  INFO 95652 --- [           main] c.m.m.RestfulWebServiceApplicationTests  : No active profile set, falling back to 1 default profile: "default"
2023-09-26T21:04:41.102+05:30  INFO 95652 --- [           main] .s.d.r.c.RepositoryConfigurationDelegate : Bootstrapping Spring Data JPA repositories in DEFAULT mode.
2023-09-26T21:04:41.116+05:30  INFO 95652 --- [           main] .s.d.r.c.RepositoryConfigurationDelegate : Finished Spring Data repository scanning in 8 ms. Found 0 JPA repository interfaces.
2023-09-26T21:04:41.397+05:30  INFO 95652 --- [           main] com.zaxxer.hikari.HikariDataSource       : HikariPool-1 - Starting...
2023-09-26T21:04:41.522+05:30  INFO 95652 --- [           main] com.zaxxer.hikari.pool.HikariPool        : HikariPool-1 - Added connection conn0: url=jdbc:h2:mem:503b5606-8103-425b-b1a4-a72fcaf8df40 user=SA
2023-09-26T21:04:41.523+05:30  INFO 95652 --- [           main] com.zaxxer.hikari.HikariDataSource       : HikariPool-1 - Start completed.
2023-09-26T21:04:41.553+05:30  INFO 95652 --- [           main] o.hibernate.jpa.internal.util.LogHelper  : HHH000204: Processing PersistenceUnitInfo [name: default]
2023-09-26T21:04:41.586+05:30  INFO 95652 --- [           main] org.hibernate.Version                    : HHH000412: Hibernate ORM core version 6.3.1.Final
2023-09-26T21:04:41.605+05:30  INFO 95652 --- [           main] o.h.c.internal.RegionFactoryInitiator    : HHH000026: Second-level cache disabled
2023-09-26T21:04:41.747+05:30  INFO 95652 --- [           main] o.s.o.j.p.SpringPersistenceUnitInfo      : No LoadTimeWeaver setup: ignoring JPA class transformer
2023-09-26T21:04:41.954+05:30  INFO 95652 --- [           main] o.h.e.t.j.p.i.JtaPlatformInitiator       : HHH000489: No JTA platform available (set 'hibernate.transaction.jta.platform' to enable JTA platform integration)
2023-09-26T21:04:41.956+05:30  INFO 95652 --- [           main] j.LocalContainerEntityManagerFactoryBean : Initialized JPA EntityManagerFactory for persistence unit 'default'
2023-09-26T21:04:42.051+05:30  WARN 95652 --- [           main] JpaBaseConfiguration$JpaWebConfiguration : spring.jpa.open-in-view is enabled by default. Therefore, database queries may be performed during view rendering. Explicitly configure spring.jpa.open-in-view to disable this warning
2023-09-26T21:04:42.290+05:30  INFO 95652 --- [           main] c.m.m.RestfulWebServiceApplicationTests  : Started RestfulWebServiceApplicationTests in 1.863 seconds (process running for 2.831)
]]></system-out>
  </testcase>
</testsuite>